{"level":"error","message":"📦 [Redis] connection failed: connect ECONNREFUSED 127.0.0.1:6379","timestamp":"2026-04-22 15:47:58"}
{"level":"error","message":"📦 [Redis] connection failed: Connection is closed.","timestamp":"2026-04-22 15:47:58"}
{"level":"error","message":"❌ [ERROR] Cannot read properties of undefined (reading 'cards')","timestamp":"2026-04-22 15:47:58"}
{"level":"error","message":"❌ [ERROR] result.data?.match is not a function","timestamp":"2026-04-22 15:47:59"}
{"level":"error","message":"❌ [ERROR] Cannot read properties of null (reading '1')","timestamp":"2026-04-22 15:48:01"}
{"level":"error","message":"📦 [Redis] connection failed: connect ECONNREFUSED 127.0.0.1:6379","timestamp":"2026-04-22 16:33:46"}
{"level":"error","message":"📦 [Redis] connection failed: Connection is closed.","timestamp":"2026-04-22 16:33:46"}
{"level":"error","message":"❌ [ERROR] Cannot read properties of undefined (reading 'cards')","timestamp":"2026-04-22 16:33:46"}
{"level":"error","message":"❌ [ERROR] Cannot read properties of null (reading 'includes')","timestamp":"2026-04-22 16:33:48"}
{"level":"error","message":"❌ [ERROR] Cannot read properties of null (reading '1')","timestamp":"2026-04-22 16:33:50"}
{"level":"error","message":"📦 [Redis] connection failed: connect ECONNREFUSED 127.0.0.1:6379","timestamp":"2026-04-22 17:33:40"}
{"level":"error","message":"📦 [Redis] connection failed: Connection is closed.","timestamp":"2026-04-22 17:33:40"}
{"level":"error","message":"❌ [ERROR] Cannot read properties of undefined (reading 'cards')","timestamp":"2026-04-22 17:33:41"}
{"level":"error","message":"❌ [ERROR] result.data?.match is not a function","timestamp":"2026-04-22 17:33:42"}
{"level":"error","message":"❌ [ERROR] Cannot read properties of null (reading '1')","timestamp":"2026-04-22 17:33:44"}
{"level":"error","message":"📦 [Redis] connection failed: connect ECONNREFUSED 127.0.0.1:6379","timestamp":"2026-04-22 18:33:35"}
{"level":"error","message":"📦 [Redis] connection failed: Connection is closed.","timestamp":"2026-04-22 18:33:35"}
{"level":"error","message":"❌ [ERROR] Cannot read properties of undefined (reading 'cards')","timestamp":"2026-04-22 18:33:36"}
{"level":"error","message":"❌ [ERROR] result.data?.match is not a function","timestamp":"2026-04-22 18:33:37"}
{"level":"error","message":"❌ [ERROR] Cannot read properties of null (reading '1')","timestamp":"2026-04-22 18:33:39"}
{"level":"error","message":"📦 [Redis] connection failed: connect ECONNREFUSED 127.0.0.1:6379","timestamp":"2026-04-22 19:33:36"}
{"level":"error","message":"📦 [Redis] connection failed: Connection is closed.","timestamp":"2026-04-22 19:33:36"}
{"level":"error","message":"❌ [ERROR] request failed","timestamp":"2026-04-22 19:33:36"}
{"level":"error","message":"❌ [ERROR] Request failed with status code 432","timestamp":"2026-04-22 19:33:36"}
{"level":"error","message":"❌ [ERROR] Cannot read properties of null (reading 'includes')","timestamp":"2026-04-22 19:33:38"}
{"level":"error","message":"❌ [ERROR] Cannot read properties of null (reading '1')","timestamp":"2026-04-22 19:33:40"}
{"level":"error","message":"📦 [Redis] connection failed: connect ECONNREFUSED 127.0.0.1:6379","timestamp":"2026-04-22 20:33:39"}
{"level":"error","message":"📦 [Redis] connection failed: Connection is closed.","timestamp":"2026-04-22 20:33:39"}
{"level":"error","message":"❌ [ERROR] Cannot read properties of undefined (reading 'cards')","timestamp":"2026-04-22 20:33:39"}
{"level":"error","message":"❌ [ERROR] result.data?.match is not a function","timestamp":"2026-04-22 20:33:41"}
{"level":"error","message":"❌ [ERROR] Cannot read properties of null (reading '1')","timestamp":"2026-04-22 20:33:42"}
{"level":"error","message":"📦 [Redis] connection failed: connect ECONNREFUSED 127.0.0.1:6379","timestamp":"2026-04-22 21:35:10"}
{"level":"error","message":"📦 [Redis] connection failed: Connection is closed.","timestamp":"2026-04-22 21:35:10"}
{"level":"error","message":"❌ [ERROR] request failed","timestamp":"2026-04-22 21:35:11"}
{"level":"error","message":"❌ [ERROR] Request failed with status code 432","timestamp":"2026-04-22 21:35:11"}
{"level":"error","message":"❌ [ERROR] Cannot read properties of null (reading 'includes')","timestamp":"2026-04-22 21:35:13"}
{"level":"error","message":"❌ [ERROR] Cannot read properties of null (reading '1')","timestamp":"2026-04-22 21:35:15"}
{"level":"error","message":"📦 [Redis] connection failed: connect ECONNREFUSED 127.0.0.1:6379","timestamp":"2026-04-22 22:33:34"}
{"level":"error","message":"📦 [Redis] connection failed: Connection is closed.","timestamp":"2026-04-22 22:33:34"}
{"level":"error","message":"❌ [ERROR] request failed","timestamp":"2026-04-22 22:33:34"}
{"level":"error","message":"❌ [ERROR] Request failed with status code 432","timestamp":"2026-04-22 22:33:34"}
{"level":"error","message":"❌ [ERROR] result.data?.match is not a function","timestamp":"2026-04-22 22:33:35"}
{"level":"error","message":"❌ [ERROR] Cannot read properties of null (reading '1')","timestamp":"2026-04-22 22:33:37"}
{"level":"error","message":"📦 [Redis] connection failed: connect ECONNREFUSED 127.0.0.1:6379","timestamp":"2026-04-22 23:33:38"}
{"level":"error","message":"📦 [Redis] connection failed: Connection is closed.","timestamp":"2026-04-22 23:33:38"}
{"level":"error","message":"❌ [ERROR] request failed","timestamp":"2026-04-22 23:33:39"}
{"level":"error","message":"❌ [ERROR] Request failed with status code 432","timestamp":"2026-04-22 23:33:39"}
{"level":"error","message":"❌ [ERROR] result.data?.match is not a function","timestamp":"2026-04-22 23:33:40"}
{"level":"error","message":"❌ [ERROR] Cannot read properties of null (reading '1')","timestamp":"2026-04-22 23:33:42"}
{"level":"error","message":"📦 [Redis] connection failed: connect ECONNREFUSED 127.0.0.1:6379","timestamp":"2026-04-23 00:34:04"}
{"level":"error","message":"📦 [Redis] connection failed: Connection is closed.","timestamp":"2026-04-23 00:34:04"}
{"level":"error","message":"❌ [ERROR] request failed","timestamp":"2026-04-23 00:34:05"}
{"level":"error","message":"❌ [ERROR] Request failed with status code 432","timestamp":"2026-04-23 00:34:05"}
{"level":"error","message":"❌ [ERROR] result.data?.match is not a function","timestamp":"2026-04-23 00:34:06"}
{"level":"error","message":"❌ [ERROR] Cannot read properties of null (reading '1')","timestamp":"2026-04-23 00:34:07"}
{"level":"error","message":"📦 [Redis] connection failed: connect ECONNREFUSED 127.0.0.1:6379","timestamp":"2026-04-23 01:33:31"}
{"level":"error","message":"📦 [Redis] connection failed: Connection is closed.","timestamp":"2026-04-23 01:33:31"}
{"level":"error","message":"❌ [ERROR] Cannot read properties of undefined (reading 'cards')","timestamp":"2026-04-23 01:33:32"}
{"level":"error","message":"❌ [ERROR] result.data?.match is not a function","timestamp":"2026-04-23 01:33:33"}
{"level":"error","message":"❌ [ERROR] Cannot read properties of null (reading '1')","timestamp":"2026-04-23 01:33:34"}
{"level":"error","message":"📦 [Redis] connection failed: connect ECONNREFUSED 127.0.0.1:6379","timestamp":"2026-04-23 02:33:32"}
{"level":"error","message":"📦 [Redis] connection failed: Connection is closed.","timestamp":"2026-04-23 02:33:32"}
{"level":"error","message":"❌ [ERROR] request failed","timestamp":"2026-04-23 02:33:32"}
{"level":"error","message":"❌ [ERROR] Request failed with status code 432","timestamp":"2026-04-23 02:33:32"}
{"level":"error","message":"❌ [ERROR] result.data?.match is not a function","timestamp":"2026-04-23 02:33:34"}
{"level":"error","message":"❌ [ERROR] Cannot read properties of null (reading '1')","timestamp":"2026-04-23 02:33:35"}
{"level":"error","message":"📦 [Redis] connection failed: connect ECONNREFUSED 127.0.0.1:6379","timestamp":"2026-04-23 03:33:32"}
{"level":"error","message":"📦 [Redis] connection failed: Connection is closed.","timestamp":"2026-04-23 03:33:32"}
{"level":"error","message":"❌ [ERROR] request failed","timestamp":"2026-04-23 03:33:33"}
{"level":"error","message":"❌ [ERROR] Request failed with status code 432","timestamp":"2026-04-23 03:33:33"}
{"level":"error","message":"❌ [ERROR] Cannot read properties of null (reading 'includes')","timestamp":"2026-04-23 03:33:35"}
{"level":"error","message":"❌ [ERROR] Cannot read properties of null (reading '1')","timestamp":"2026-04-23 03:33:36"}
{"level":"error","message":"📦 [Redis] connection failed: connect ECONNREFUSED 127.0.0.1:6379","timestamp":"2026-04-23 04:33:36"}
{"level":"error","message":"📦 [Redis] connection failed: Connection is closed.","timestamp":"2026-04-23 04:33:36"}
{"level":"error","message":"❌ [ERROR] request failed","timestamp":"2026-04-23 04:33:37"}
{"level":"error","message":"❌ [ERROR] Request failed with status code 432","timestamp":"2026-04-23 04:33:37"}
{"level":"error","message":"❌ [ERROR] result.data?.match is not a function","timestamp":"2026-04-23 04:33:38"}
{"level":"error","message":"❌ [ERROR] Cannot read properties of null (reading '1')","timestamp":"2026-04-23 04:33:39"}
{"level":"error","message":"📦 [Redis] connection failed: connect ECONNREFUSED 127.0.0.1:6379","timestamp":"2026-04-23 05:33:35"}
{"level":"error","message":"📦 [Redis] connection failed: Connection is closed.","timestamp":"2026-04-23 05:33:35"}
{"level":"error","message":"❌ [ERROR] request failed","timestamp":"2026-04-23 05:33:35"}
{"level":"error","message":"❌ [ERROR] Request failed with status code 432","timestamp":"2026-04-23 05:33:35"}
{"level":"error","message":"❌ [ERROR] Cannot read properties of null (reading 'includes')","timestamp":"2026-04-23 05:33:37"}
{"level":"error","message":"❌ [ERROR] Cannot read properties of null (reading '1')","timestamp":"2026-04-23 05:33:38"}
{"level":"error","message":"📦 [Redis] connection failed: connect ECONNREFUSED 127.0.0.1:6379","timestamp":"2026-04-23 09:33:47"}
{"level":"error","message":"📦 [Redis] connection failed: Connection is closed.","timestamp":"2026-04-23 09:33:47"}
{"level":"error","message":"❌ [ERROR] request failed","timestamp":"2026-04-23 09:33:48"}
{"level":"error","message":"❌ [ERROR] Request failed with status code 432","timestamp":"2026-04-23 09:33:48"}
{"level":"error","message":"❌ [ERROR] Cannot read properties of null (reading 'includes')","timestamp":"2026-04-23 09:33:50"}
{"level":"error","message":"❌ [ERROR] Cannot read properties of null (reading '1')","timestamp":"2026-04-23 09:33:51"}
{"level":"error","message":"📦 [Redis] connection failed: connect ECONNREFUSED 127.0.0.1:6379","timestamp":"2026-04-23 10:26:30"}
{"level":"error","message":"📦 [Redis] connection failed: Connection is closed.","timestamp":"2026-04-23 10:26:30"}
{"level":"error","message":"❌ [ERROR] Cannot read properties of undefined (reading 'cards')","timestamp":"2026-04-23 10:26:31"}
{"level":"error","message":"❌ [ERROR] Cannot read properties of null (reading 'includes')","timestamp":"2026-04-23 10:26:33"}
{"level":"error","message":"❌ [ERROR] Cannot read properties of null (reading '1')","timestamp":"2026-04-23 10:26:34"}
{"level":"error","message":"❌ [ERROR] Cannot read properties of undefined (reading 'cards')","timestamp":"2026-04-23 10:37:32"}
{"level":"error","message":"❌ [ERROR] Cannot read properties of null (reading 'includes')","timestamp":"2026-04-23 10:37:32"}
{"level":"error","message":"❌ [ERROR] Cannot read properties of null (reading '1')","timestamp":"2026-04-23 10:37:32"}
{"level":"error","message":"📦 [Redis] connection failed: connect ECONNREFUSED 127.0.0.1:6379","timestamp":"2026-04-23 11:33:33"}
{"level":"error","message":"📦 [Redis] connection failed: Connection is closed.","timestamp":"2026-04-23 11:33:33"}
{"level":"error","message":"❌ [ERROR] request failed","timestamp":"2026-04-23 11:33:34"}
{"level":"error","message":"❌ [ERROR] Request failed with status code 432","timestamp":"2026-04-23 11:33:34"}
{"level":"error","message":"❌ [ERROR] Cannot read properties of null (reading 'includes')","timestamp":"2026-04-23 11:33:36"}
{"level":"error","message":"❌ [ERROR] Cannot read properties of null (reading '1')","timestamp":"2026-04-23 11:33:38"}
{"level":"error","message":"📦 [Redis] connection failed: connect ECONNREFUSED 127.0.0.1:6379","timestamp":"2026-04-23 12:33:48"}
{"level":"error","message":"📦 [Redis] connection failed: Connection is closed.","timestamp":"2026-04-23 12:33:48"}
{"level":"error","message":"❌ [ERROR] request failed","timestamp":"2026-04-23 12:33:48"}
{"level":"error","message":"❌ [ERROR] Request failed with status code 432","timestamp":"2026-04-23 12:33:48"}
{"level":"error","message":"❌ [ERROR] result.data?.match is not a function","timestamp":"2026-04-23 12:33:49"}
{"level":"error","message":"❌ [ERROR] Cannot read properties of null (reading '1')","timestamp":"2026-04-23 12:33:51"}
{"level":"error","message":"📦 [Redis] connection failed: connect ECONNREFUSED 127.0.0.1:6379","timestamp":"2026-04-23 13:33:34"}
{"level":"error","message":"📦 [Redis] connection failed: Connection is closed.","timestamp":"2026-04-23 13:33:34"}
{"level":"error","message":"❌ [ERROR] request failed","timestamp":"2026-04-23 13:33:35"}
{"level":"error","message":"❌ [ERROR] Request failed with status code 432","timestamp":"2026-04-23 13:33:35"}
{"level":"error","message":"❌ [ERROR] Cannot read properties of null (reading 'includes')","timestamp":"2026-04-23 13:33:37"}
{"level":"error","message":"❌ [ERROR] Cannot read properties of null (reading '1')","timestamp":"2026-04-23 13:33:38"}
{"level":"error","message":"📦 [Redis] connection failed: connect ECONNREFUSED 127.0.0.1:6379","timestamp":"2026-04-23 14:33:34"}
{"level":"error","message":"📦 [Redis] connection failed: Connection is closed.","timestamp":"2026-04-23 14:33:34"}
{"level":"error","message":"❌ [ERROR] Cannot read properties of undefined (reading 'cards')","timestamp":"2026-04-23 14:33:35"}
{"level":"error","message":"❌ [ERROR] Cannot read properties of null (reading 'includes')","timestamp":"2026-04-23 14:33:37"}
{"level":"error","message":"❌ [ERROR] Cannot read properties of null (reading '1')","timestamp":"2026-04-23 14:33:38"}
{"level":"error","message":"📦 [Redis] connection failed: connect ECONNREFUSED 127.0.0.1:6379","timestamp":"2026-04-23 15:33:45"}
{"level":"error","message":"📦 [Redis] connection failed: Connection is closed.","timestamp":"2026-04-23 15:33:45"}
{"level":"error","message":"❌ [ERROR] request failed","timestamp":"2026-04-23 15:33:45"}
{"level":"error","message":"❌ [ERROR] Request failed with status code 432","timestamp":"2026-04-23 15:33:45"}
{"level":"error","message":"❌ [ERROR] result.data?.match is not a function","timestamp":"2026-04-23 15:33:47"}
{"level":"error","message":"❌ [ERROR] Cannot read properties of null (reading '1')","timestamp":"2026-04-23 15:33:48"}
{"level":"error","message":"📦 [Redis] connection failed: connect ECONNREFUSED 127.0.0.1:6379","timestamp":"2026-04-23 16:56:13"}
{"level":"error","message":"📦 [Redis] connection failed: Connection is closed.","timestamp":"2026-04-23 16:56:13"}
{"level":"error","message":"❌ [ERROR] request failed","timestamp":"2026-04-23 16:56:13"}
{"level":"error","message":"❌ [ERROR] Request failed with status code 432","timestamp":"2026-04-23 16:56:13"}
{"level":"error","message":"❌ [ERROR] result.data?.match is not a function","timestamp":"2026-04-23 16:56:15"}
{"level":"error","message":"❌ [ERROR] Cannot read properties of null (reading '1')","timestamp":"2026-04-23 16:56:16"}
{"level":"error","message":"❌ [ERROR] request failed","timestamp":"2026-04-23 17:51:19"}
{"level":"error","message":"❌ [ERROR] Request failed with status code 432","timestamp":"2026-04-23 17:51:19"}
{"level":"error","message":"❌ [ERROR] result.data?.match is not a function","timestamp":"2026-04-23 17:51:19"}
{"level":"error","message":"❌ [ERROR] Cannot read properties of null (reading '1')","timestamp":"2026-04-23 17:51:19"}
{"level":"error","message":"📦 [Redis] connection failed: connect ECONNREFUSED 127.0.0.1:6379","timestamp":"2026-04-23 18:51:58"}
{"level":"error","message":"📦 [Redis] connection failed: Connection is closed.","timestamp":"2026-04-23 18:51:58"}
{"level":"error","message":"❌ [ERROR] Cannot read properties of undefined (reading 'cards')","timestamp":"2026-04-23 18:51:58"}
{"level":"error","message":"❌ [ERROR] result.data?.match is not a function","timestamp":"2026-04-23 18:52:00"}
{"level":"error","message":"❌ [ERROR] Cannot read properties of null (reading '1')","timestamp":"2026-04-23 18:52:01"}
{"level":"error","message":"📦 [Redis] connection failed: connect ECONNREFUSED 127.0.0.1:6379","timestamp":"2026-04-23 19:56:17"}
{"level":"error","message":"📦 [Redis] connection failed: Connection is closed.","timestamp":"2026-04-23 19:56:17"}
{"level":"error","message":"❌ [ERROR] Cannot read properties of undefined (reading 'cards')","timestamp":"2026-04-23 19:56:18"}
{"level":"error","message":"❌ [ERROR] result.data?.match is not a function","timestamp":"2026-04-23 19:56:19"}
{"level":"error","message":"❌ [ERROR] Cannot read properties of null (reading '1')","timestamp":"2026-04-23 19:56:20"}
{"level":"error","message":"📦 [Redis] connection failed: connect ECONNREFUSED 127.0.0.1:6379","timestamp":"2026-04-23 20:51:18"}
{"level":"error","message":"📦 [Redis] connection failed: Connection is closed.","timestamp":"2026-04-23 20:51:18"}
{"level":"error","message":"❌ [ERROR] request failed","timestamp":"2026-04-23 20:51:18"}
{"level":"error","message":"❌ [ERROR] Request failed with status code 432","timestamp":"2026-04-23 20:51:18"}
{"level":"error","message":"❌ [ERROR] Cannot read properties of null (reading 'includes')","timestamp":"2026-04-23 20:51:20"}
{"level":"error","message":"❌ [ERROR] Cannot read properties of null (reading '1')","timestamp":"2026-04-23 20:51:21"}
{"level":"error","message":"📦 [Redis] connection failed: connect ECONNREFUSED 127.0.0.1:6379","timestamp":"2026-04-23 21:52:04"}
{"level":"error","message":"📦 [Redis] connection failed: Connection is closed.","timestamp":"2026-04-23 21:52:04"}
{"level":"error","message":"❌ [ERROR] request failed","timestamp":"2026-04-23 21:52:05"}
{"level":"error","message":"❌ [ERROR] Request failed with status code 432","timestamp":"2026-04-23 21:52:05"}
{"level":"error","message":"❌ [ERROR] result.data?.match is not a function","timestamp":"2026-04-23 21:52:06"}
{"level":"error","message":"❌ [ERROR] Cannot read properties of null (reading '1')","timestamp":"2026-04-23 21:52:07"}
{"level":"error","message":"📦 [Redis] connection failed: connect ECONNREFUSED 127.0.0.1:6379","timestamp":"2026-04-23 23:39:56"}
{"level":"error","message":"📦 [Redis] connection failed: Connection is closed.","timestamp":"2026-04-23 23:39:56"}
{"level":"error","message":"❌ [ERROR] request failed","timestamp":"2026-04-23 23:39:56"}
{"level":"error","message":"❌ [ERROR] Request failed with status code 432","timestamp":"2026-04-23 23:39:56"}
{"level":"error","message":"❌ [ERROR] result.data?.match is not a function","timestamp":"2026-04-23 23:39:58"}
{"level":"error","message":"❌ [ERROR] Cannot read properties of null (reading '1')","timestamp":"2026-04-23 23:39:59"}
{"level":"error","message":"📦 [Redis] connection failed: connect ECONNREFUSED 127.0.0.1:6379","timestamp":"2026-04-24 00:16:08"}
{"level":"error","message":"📦 [Redis] connection failed: Connection is closed.","timestamp":"2026-04-24 00:16:08"}
{"level":"error","message":"❌ [ERROR] request failed","timestamp":"2026-04-24 00:16:08"}
{"level":"error","message":"❌ [ERROR] Request failed with status code 432","timestamp":"2026-04-24 00:16:08"}
{"level":"error","message":"❌ [ERROR] result.data?.match is not a function","timestamp":"2026-04-24 00:16:10"}
{"level":"error","message":"❌ [ERROR] Cannot read properties of null (reading '1')","timestamp":"2026-04-24 00:16:11"}
{"level":"error","message":"📦 [Redis] connection failed: connect ECONNREFUSED 127.0.0.1:6379","timestamp":"2026-04-24 01:15:49"}
{"level":"error","message":"📦 [Redis] connection failed: Connection is closed.","timestamp":"2026-04-24 01:15:49"}
{"level":"error","message":"❌ [ERROR] Cannot read properties of undefined (reading 'cards')","timestamp":"2026-04-24 01:15:49"}
{"level":"error","message":"❌ [ERROR] result.data?.match is not a function","timestamp":"2026-04-24 01:15:50"}
{"level":"error","message":"❌ [ERROR] Cannot read properties of null (reading '1')","timestamp":"2026-04-24 01:15:51"}
{"level":"error","message":"📦 [Redis] connection failed: connect ECONNREFUSED 127.0.0.1:6379","timestamp":"2026-04-24 02:15:46"}
{"level":"error","message":"📦 [Redis] connection failed: Connection is closed.","timestamp":"2026-04-24 02:15:46"}
{"level":"error","message":"❌ [ERROR] request failed","timestamp":"2026-04-24 02:15:47"}
{"level":"error","message":"❌ [ERROR] Request failed with status code 432","timestamp":"2026-04-24 02:15:47"}
{"level":"error","message":"❌ [ERROR] result.data?.match is not a function","timestamp":"2026-04-24 02:15:48"}
{"level":"error","message":"❌ [ERROR] Cannot read properties of null (reading '1')","timestamp":"2026-04-24 02:15:49"}
{"level":"error","message":"📦 [Redis] connection failed: connect ECONNREFUSED 127.0.0.1:6379","timestamp":"2026-04-24 03:15:46"}
{"level":"error","message":"📦 [Redis] connection failed: Connection is closed.","timestamp":"2026-04-24 03:15:46"}
{"level":"error","message":"❌ [ERROR] request failed","timestamp":"2026-04-24 03:15:47"}
{"level":"error","message":"❌ [ERROR] Request failed with status code 432","timestamp":"2026-04-24 03:15:47"}
{"level":"error","message":"❌ [ERROR] result.data?.match is not a function","timestamp":"2026-04-24 03:15:48"}
{"level":"error","message":"❌ [ERROR] Cannot read properties of null (reading '1')","timestamp":"2026-04-24 03:15:49"}
{"level":"error","message":"📦 [Redis] connection failed: connect ECONNREFUSED 127.0.0.1:6379","timestamp":"2026-04-24 04:15:38"}
{"level":"error","message":"📦 [Redis] connection failed: Connection is closed.","timestamp":"2026-04-24 04:15:38"}
{"level":"error","message":"❌ [ERROR] Cannot read properties of undefined (reading 'cards')","timestamp":"2026-04-24 04:15:39"}
{"level":"error","message":"❌ [ERROR] result.data?.match is not a function","timestamp":"2026-04-24 04:15:40"}
{"level":"error","message":"❌ [ERROR] Cannot read properties of null (reading '1')","timestamp":"2026-04-24 04:15:41"}
{"level":"error","message":"📦 [Redis] connection failed: connect ECONNREFUSED 127.0.0.1:6379","timestamp":"2026-04-24 05:15:37"}
{"level":"error","message":"📦 [Redis] connection failed: Connection is closed.","timestamp":"2026-04-24 05:15:37"}
{"level":"error","message":"❌ [ERROR] Cannot read properties of undefined (reading 'cards')","timestamp":"2026-04-24 05:15:38"}
{"level":"error","message":"❌ [ERROR] result.data?.match is not a function","timestamp":"2026-04-24 05:15:39"}
{"level":"error","message":"❌ [ERROR] Cannot read properties of null (reading '1')","timestamp":"2026-04-24 05:15:40"}
{"level":"error","message":"📦 [Redis] connection failed: connect ECONNREFUSED 127.0.0.1:6379","timestamp":"2026-04-24 06:15:37"}
{"level":"error","message":"📦 [Redis] connection failed: Connection is closed.","timestamp":"2026-04-24 06:15:37"}
{"level":"error","message":"❌ [ERROR] request failed","timestamp":"2026-04-24 06:15:38"}
{"level":"error","message":"❌ [ERROR] Request failed with status code 432","timestamp":"2026-04-24 06:15:38"}
{"level":"error","message":"❌ [ERROR] result.data?.match is not a function","timestamp":"2026-04-24 06:15:39"}
{"level":"error","message":"❌ [ERROR] Cannot read properties of null (reading '1')","timestamp":"2026-04-24 06:15:40"}
{"level":"error","message":"📦 [Redis] connection failed: connect ECONNREFUSED 127.0.0.1:6379","timestamp":"2026-04-24 07:15:39"}
{"level":"error","message":"📦 [Redis] connection failed: Connection is closed.","timestamp":"2026-04-24 07:15:39"}
{"level":"error","message":"❌ [ERROR] request failed","timestamp":"2026-04-24 07:15:39"}
{"level":"error","message":"❌ [ERROR] Request failed with status code 432","timestamp":"2026-04-24 07:15:39"}
{"level":"error","message":"❌ [ERROR] result.data?.match is not a function","timestamp":"2026-04-24 07:15:40"}
{"level":"error","message":"❌ [ERROR] Cannot read properties of null (reading '1')","timestamp":"2026-04-24 07:15:41"}
{"level":"error","message":"📦 [Redis] connection failed: connect ECONNREFUSED 127.0.0.1:6379","timestamp":"2026-04-24 08:15:38"}
{"level":"error","message":"📦 [Redis] connection failed: Connection is closed.","timestamp":"2026-04-24 08:15:38"}
{"level":"error","message":"❌ [ERROR] request failed","timestamp":"2026-04-24 08:15:39"}
{"level":"error","message":"❌ [ERROR] Request failed with status code 432","timestamp":"2026-04-24 08:15:39"}
{"level":"error","message":"❌ [ERROR] result.data?.match is not a function","timestamp":"2026-04-24 08:15:40"}
{"level":"error","message":"❌ [ERROR] Cannot read properties of null (reading '1')","timestamp":"2026-04-24 08:15:41"}
{"level":"error","message":"📦 [Redis] connection failed: connect ECONNREFUSED 127.0.0.1:6379","timestamp":"2026-04-24 09:15:39"}
{"level":"error","message":"📦 [Redis] connection failed: Connection is closed.","timestamp":"2026-04-24 09:15:39"}
{"level":"error","message":"❌ [ERROR] request failed","timestamp":"2026-04-24 09:15:40"}
{"level":"error","message":"❌ [ERROR] Request failed with status code 432","timestamp":"2026-04-24 09:15:40"}
{"level":"error","message":"❌ [ERROR] result.data?.match is not a function","timestamp":"2026-04-24 09:15:41"}
{"level":"error","message":"❌ [ERROR] Cannot read properties of null (reading '1')","timestamp":"2026-04-24 09:15:42"}
